<?xml version="1.0" encoding="UTF-8"?>
<!-- Generated by org.testng.reporters.JUnitReportReporter -->
<testsuite hostname="sghosh2021" failures="0" tests="2" name="com.banking.Digibank.GroupsDemo" time="0.002" errors="0" timestamp="2023-05-31T17:29:00 BST" skipped="0">
  <testcase classname="com.banking.Digibank.GroupsDemo" name="TestCase05" time="0.001"/>
  <system-out/>
  <testcase classname="com.banking.Digibank.GroupsDemo" name="TestCase04" time="0.001"/>
  <system-out/>
</testsuite> <!-- com.banking.Digibank.GroupsDemo -->
