<?xml version="1.0" encoding="UTF-8"?>
<!-- Generated by org.testng.reporters.JUnitReportReporter -->
<testsuite hostname="sghosh2021" failures="0" tests="8" name="com.Excel.LoginData" time="0.010" errors="0" timestamp="2023-06-12T21:36:09 BST" skipped="0">
  <testcase classname="com.Excel.LoginData" name="testReadExcelData" time="0.000"/>
  <system-out/>
  <testcase classname="com.Excel.LoginData" name="testReadExcelData" time="0.001"/>
  <system-out/>
  <testcase classname="com.Excel.LoginData" name="testReadExcelData" time="0.000"/>
  <system-out/>
  <testcase classname="com.Excel.LoginData" name="testReadExcelData" time="0.001"/>
  <system-out/>
  <testcase classname="com.Excel.LoginData" name="testReadExcelData" time="0.006"/>
  <system-out/>
  <testcase classname="com.Excel.LoginData" name="testReadExcelData" time="0.000"/>
  <system-out/>
  <testcase classname="com.Excel.LoginData" name="testReadExcelData" time="0.001"/>
  <system-out/>
  <testcase classname="com.Excel.LoginData" name="testReadExcelData" time="0.001"/>
  <system-out/>
</testsuite> <!-- com.Excel.LoginData -->
