<?xml version="1.0" encoding="UTF-8"?>
<!-- Generated by org.testng.reporters.JUnitReportReporter -->
<testsuite hostname="sghosh2021" failures="0" tests="2" name="com.banking.Digibank.DependencyTest" time="0.007" errors="0" timestamp="2023-06-03T21:07:51 BST" skipped="0">
  <testcase classname="com.banking.Digibank.DependencyTest" name="FundTransfer" time="0.000"/>
  <system-out/>
  <testcase classname="com.banking.Digibank.DependencyTest" name="Login" time="0.007"/>
  <system-out/>
</testsuite> <!-- com.banking.Digibank.DependencyTest -->
