<?xml version="1.0" encoding="UTF-8"?>
<!-- Generated by org.testng.reporters.JUnitReportReporter -->
<testsuite hostname="sghosh2021" failures="0" tests="1" name="com.banking.Digibank.RadioButton" time="11.165" errors="0" timestamp="2023-06-05T22:20:48 BST" skipped="0">
  <testcase classname="com.banking.Digibank.RadioButton" name="TestRadioButton" time="11.165"/>
  <system-out/>
</testsuite> <!-- com.banking.Digibank.RadioButton -->
