<?xml version="1.0" encoding="UTF-8"?>
<!-- Generated by org.testng.reporters.JUnitReportReporter -->
<testsuite hostname="sghosh2021" failures="0" tests="1" name="com.Excel.LogniData" time="0.014" errors="0" timestamp="2023-06-10T23:35:13 BST" skipped="0">
  <testcase classname="com.Excel.LogniData" name="testReadExcelData" time="0.014"/>
  <system-out/>
</testsuite> <!-- com.Excel.LogniData -->
