<?xml version="1.0" encoding="UTF-8"?>
<!-- Generated by org.testng.reporters.JUnitReportReporter -->
<testsuite hostname="sghosh2021" failures="0" tests="1" name="com.banking.Digibank.WebTableDemo" time="12.214" errors="0" timestamp="2023-06-09T22:51:31 BST" skipped="0">
  <testcase classname="com.banking.Digibank.WebTableDemo" name="WebTableDemoTest" time="12.214"/>
  <system-out/>
</testsuite> <!-- com.banking.Digibank.WebTableDemo -->
