<?xml version="1.0" encoding="UTF-8"?>
<!-- Generated by org.testng.reporters.JUnitReportReporter -->
<testsuite hostname="sghosh2021" failures="0" tests="1" name="com.banking.Digibank.OptionalParam" time="0.006" errors="0" timestamp="2023-06-02T00:04:38 BST" skipped="0">
  <testcase classname="com.banking.Digibank.OptionalParam" name="testMethodone" time="0.006"/>
  <system-out/>
</testsuite> <!-- com.banking.Digibank.OptionalParam -->
