<?xml version="1.0" encoding="UTF-8"?>
<!-- Generated by org.testng.reporters.JUnitReportReporter -->
<testsuite hostname="sghosh2021" failures="0" tests="2" name="com.banking.Digibank.ExceptionTest" time="0.007" errors="0" timestamp="2023-05-31T18:04:05 BST" skipped="0">
  <testcase classname="com.banking.Digibank.ExceptionTest" name="Test01" time="0.006"/>
  <system-out/>
  <testcase classname="com.banking.Digibank.ExceptionTest" name="Test02" time="0.001"/>
  <system-out/>
</testsuite> <!-- com.banking.Digibank.ExceptionTest -->
