<?xml version="1.0" encoding="UTF-8"?>
<!-- Generated by org.testng.reporters.JUnitReportReporter -->
<testsuite hostname="sghosh2021" failures="0" tests="2" name="com.banking.Digibank.ExcludeGroups" time="0.007" errors="0" timestamp="2023-05-31T17:05:57 BST" skipped="0">
  <testcase classname="com.banking.Digibank.ExcludeGroups" name="testMethodone" time="0.006"/>
  <system-out/>
  <testcase classname="com.banking.Digibank.ExcludeGroups" name="testMethodtwo" time="0.001"/>
  <system-out/>
</testsuite> <!-- com.banking.Digibank.ExcludeGroups -->
