<?xml version="1.0" encoding="UTF-8"?>
<!-- Generated by org.testng.reporters.JUnitReportReporter -->
<testsuite hostname="sghosh2021" failures="0" tests="1" name="com.banking.Digibank.FrameDemo" time="15.846" errors="0" timestamp="2023-06-06T00:29:41 BST" skipped="0">
  <testcase classname="com.banking.Digibank.FrameDemo" name="frmaeDemoTest" time="15.846"/>
  <system-out/>
</testsuite> <!-- com.banking.Digibank.FrameDemo -->
