<?xml version="1.0" encoding="UTF-8"?>
<!-- Generated by org.testng.reporters.JUnitReportReporter -->
<testsuite hostname="sghosh2021" failures="0" tests="1" name="com.banking.Digibank.DropDown" time="16.695" errors="0" timestamp="2023-06-05T22:43:32 BST" skipped="0">
  <testcase classname="com.banking.Digibank.DropDown" name="DropdownTest" time="16.695"/>
  <system-out/>
</testsuite> <!-- com.banking.Digibank.DropDown -->
