<?xml version="1.0" encoding="UTF-8"?>
<!-- Generated by org.testng.reporters.JUnitReportReporter -->
<testsuite hostname="sghosh2021" failures="0" tests="1" name="com.banking.Digibank.MultiSelect" time="13.186" errors="0" timestamp="2023-06-05T23:07:25 BST" skipped="0">
  <testcase classname="com.banking.Digibank.MultiSelect" name="MulitSelect" time="13.186"/>
  <system-out/>
</testsuite> <!-- com.banking.Digibank.MultiSelect -->
