<?xml version="1.0" encoding="UTF-8"?>
<!-- Generated by org.testng.reporters.JUnitReportReporter -->
<testsuite hostname="sghosh2021" failures="0" tests="3" name="com.banking.Digibank.DisabledTest" time="0.007" errors="0" timestamp="2023-05-31T17:11:25 BST" skipped="1">
  <testcase classname="com.banking.Digibank.DisabledTest" name="testMethodThree" time="0.006"/>
  <system-out/>
  <testcase classname="com.banking.Digibank.DisabledTest" name="testMethodone" time="0.001"/>
  <system-out/>
  <testcase classname="com.banking.Digibank.DisabledTest" name="testMethodtwo">
    <skipped/>
  </testcase> <!-- testMethodtwo -->
  <system-out/>
</testsuite> <!-- com.banking.Digibank.DisabledTest -->
