<?xml version="1.0" encoding="UTF-8"?>
<!-- Generated by org.testng.reporters.JUnitReportReporter -->
<testsuite hostname="sghosh2021" failures="0" tests="2" name="com.banking.Digibank.ParallelTestone" time="0.013" errors="0" timestamp="2023-06-03T21:37:33 BST" skipped="0">
  <testcase classname="com.banking.Digibank.ParallelTestone" name="testMethodone" time="0.008"/>
  <system-out/>
  <testcase classname="com.banking.Digibank.ParallelTestone" name="testMethodtwo" time="0.005"/>
  <system-out/>
</testsuite> <!-- com.banking.Digibank.ParallelTestone -->
