<?xml version="1.0" encoding="UTF-8"?>
<!-- Generated by org.testng.reporters.JUnitReportReporter -->
<testsuite hostname="sghosh2021" failures="0" tests="3" name="com.banking.Digibank.SampleDataProvider" time="0.009" errors="0" timestamp="2023-06-03T20:05:14 BST" skipped="0">
  <testcase classname="com.banking.Digibank.SampleDataProvider" name="testMethod" time="0.001"/>
  <system-out/>
  <testcase classname="com.banking.Digibank.SampleDataProvider" name="testMethod" time="0.001"/>
  <system-out/>
  <testcase classname="com.banking.Digibank.SampleDataProvider" name="testMethod" time="0.007"/>
  <system-out/>
</testsuite> <!-- com.banking.Digibank.SampleDataProvider -->
