<?xml version="1.0" encoding="UTF-8"?>
<!-- Generated by org.testng.reporters.JUnitReportReporter -->
<testsuite hostname="sghosh2021" failures="0" tests="3" name="com.banking.Digibank.Testnglogs" time="0.007" errors="0" timestamp="2023-05-30T22:09:38 BST" skipped="0">
  <testcase classname="com.banking.Digibank.Testnglogs" name="Login" time="0.003"/>
  <system-out/>
  <testcase classname="com.banking.Digibank.Testnglogs" name="UpdateAddress" time="0.001"/>
  <system-out/>
  <testcase classname="com.banking.Digibank.Testnglogs" name="Fundtransfer" time="0.003"/>
  <system-out/>
</testsuite> <!-- com.banking.Digibank.Testnglogs -->
